#
# There is insufficient memory for the Java Runtime Environment to continue.
# Native memory allocation (malloc) failed to allocate 32744 bytes for ChunkPool::allocate
# Possible reasons:
#   The system is out of physical RAM or swap space
#   In 32 bit mode, the process size limit was hit
# Possible solutions:
#   Reduce memory load on the system
#   Increase physical memory or swap space
#   Check if swap backing store is full
#   Use 64 bit Java on a 64 bit OS
#   Decrease Java heap size (-Xmx/-Xms)
#   Decrease number of Java threads
#   Decrease Java thread stack sizes (-Xss)
#   Set larger code cache with -XX:ReservedCodeCacheSize=
# This output file may be truncated or incomplete.
#
#  Out of Memory Error (allocation.cpp:273), pid=10000, tid=10148
#
# JRE version: Java(TM) SE Runtime Environment (8.0_65-b17) (build 1.8.0_65-b17)
# Java VM: Java HotSpot(TM) 64-Bit Server VM (25.65-b01 mixed mode windows-amd64 compressed oops)
# Failed to write core dump. Minidumps are not enabled by default on client versions of Windows
#

---------------  T H R E A D  ---------------

Current thread (0x000000005611b000):  JavaThread "C1 CompilerThread2" daemon [_thread_in_native, id=10148, stack(0x00000000571e0000,0x00000000572e0000)]

Stack: [0x00000000571e0000,0x00000000572e0000]
[error occurred during error reporting (printing stack bounds), id 0xc0000005]

Native frames: (J=compiled Java code, j=interpreted, Vv=VM code, C=native code)


Current CompileTask:
C1:1287860 5534   !   3      
[error occurred during error reporting (printing current compile task), id 0xe0000001]


---------------  P R O C E S S  ---------------

Java Threads: ( => current thread )
  0x0000000057df1800 JavaThread "DubboServerHandler-10.211.55.3:40903-thread-3" daemon [_thread_blocked, id=7648, stack(0x0000000061d80000,0x0000000061e80000)]
  0x0000000057ded000 JavaThread "DubboResponseTimeoutScanTimer" daemon [_thread_blocked, id=8020, stack(0x00000000622b0000,0x00000000623b0000)]
  0x000000005d59c000 JavaThread "DubboServerHandler-10.211.55.3:40903-thread-2" daemon [_thread_blocked, id=11656, stack(0x0000000062710000,0x0000000062810000)]
  0x000000005d59a800 JavaThread "DubboServerHandler-10.211.55.3:40903-thread-1" daemon [_thread_blocked, id=8528, stack(0x0000000062bf0000,0x0000000062cf0000)]
  0x000000005d599800 JavaThread "dubbo-remoting-server-heartbeat-thread-1" daemon [_thread_blocked, id=1816, stack(0x0000000061f30000,0x0000000062030000)]
  0x000000005d599000 JavaThread "New I/O server boss #12" daemon [_thread_in_native, id=7288, stack(0x00000000621a0000,0x00000000622a0000)]
  0x000000005d598000 JavaThread "New I/O worker #11" daemon [_thread_in_native, id=7960, stack(0x00000000629b0000,0x0000000062ab0000)]
  0x000000005d597000 JavaThread "New I/O worker #10" daemon [_thread_in_native, id=8500, stack(0x0000000062820000,0x0000000062920000)]
  0x000000005d596800 JavaThread "New I/O worker #9" daemon [_thread_in_native, id=11008, stack(0x00000000623d0000,0x00000000624d0000)]
  0x000000005d595800 JavaThread "New I/O worker #8" daemon [_thread_in_native, id=10860, stack(0x00000000625e0000,0x00000000626e0000)]
  0x000000005d595000 JavaThread "New I/O worker #7" daemon [_thread_in_native, id=11876, stack(0x00000000624d0000,0x00000000625d0000)]
  0x0000000057df0800 JavaThread "dubbo-remoting-client-heartbeat-thread-2" daemon [_thread_blocked, id=8612, stack(0x0000000060580000,0x0000000060680000)]
  0x0000000057def000 JavaThread "DubboClientReconnectTimer-thread-2" daemon [_thread_blocked, id=10652, stack(0x0000000061bf0000,0x0000000061cf0000)]
  0x0000000057ded800 JavaThread "dubbo-remoting-client-heartbeat-thread-1" daemon [_thread_blocked, id=7920, stack(0x000000005efe0000,0x000000005f0e0000)]
  0x0000000057dec000 JavaThread "Hashed wheel timer #1" [_thread_blocked, id=10752, stack(0x0000000062070000,0x0000000062170000)]
  0x0000000057deb800 JavaThread "DubboClientReconnectTimer-thread-1" daemon [_thread_blocked, id=10744, stack(0x000000005f340000,0x000000005f440000)]
  0x0000000057dea800 JavaThread "New I/O boss #6" daemon [_thread_in_native, id=10408, stack(0x0000000061810000,0x0000000061910000)]
  0x0000000057dea000 JavaThread "New I/O worker #5" daemon [_thread_in_native, id=10388, stack(0x00000000606b0000,0x00000000607b0000)]
  0x0000000057de9000 JavaThread "New I/O worker #4" daemon [_thread_in_native, id=10384, stack(0x000000005f480000,0x000000005f580000)]
  0x0000000057de8800 JavaThread "New I/O worker #3" daemon [_thread_in_native, id=10288, stack(0x000000005f220000,0x000000005f320000)]
  0x0000000057de7800 JavaThread "New I/O worker #2" daemon [_thread_in_native, id=10284, stack(0x000000005f120000,0x000000005f220000)]
  0x0000000057de7000 JavaThread "New I/O worker #1" daemon [_thread_in_native, id=10280, stack(0x000000005ee20000,0x000000005ef20000)]
  0x0000000057de6000 JavaThread "DubboSaveRegistryCache-thread-1" daemon [_thread_blocked, id=10272, stack(0x000000005e7f0000,0x000000005e8f0000)]
  0x0000000057de5800 JavaThread "main-EventThread" daemon [_thread_blocked, id=10268, stack(0x000000005eb80000,0x000000005ec80000)]
  0x0000000057de4800 JavaThread "main-SendThread(127.0.0.1:2181)" daemon [_thread_in_native, id=10264, stack(0x000000005e670000,0x000000005e770000)]
  0x0000000057de4000 JavaThread "ZkClient-EventThread-21-127.0.0.1:2181" daemon [_thread_blocked, id=6996, stack(0x000000005e2d0000,0x000000005e3d0000)]
  0x0000000057de3000 JavaThread "DubboRegistryFailedRetryTimer-thread-1" daemon [_thread_blocked, id=7416, stack(0x000000005a670000,0x000000005a770000)]
  0x00000000584fe000 JavaThread "Druid-ConnectionPool-Destroy-176041373" daemon [_thread_blocked, id=2188, stack(0x000000005cb70000,0x000000005cc70000)]
  0x00000000584fd800 JavaThread "Druid-ConnectionPool-Create-176041373" daemon [_thread_blocked, id=4948, stack(0x000000005cc90000,0x000000005cd90000)]
  0x000000005c3de800 JavaThread "Druid-ConnectionPool-Destroy-1129869771" daemon [_thread_blocked, id=7908, stack(0x000000005a1b0000,0x000000005a2b0000)]
  0x0000000058808000 JavaThread "Druid-ConnectionPool-Create-1129869771" daemon [_thread_blocked, id=6740, stack(0x000000005a330000,0x000000005a430000)]
  0x000000005994d000 JavaThread "Abandoned connection cleanup thread" daemon [_thread_blocked, id=6880, stack(0x0000000058e80000,0x0000000058f80000)]
  0x0000000056189000 JavaThread "Service Thread" daemon [_thread_blocked, id=3512, stack(0x0000000057390000,0x0000000057490000)]
=>0x000000005611b000 JavaThread "C1 CompilerThread2" daemon [_thread_in_native, id=10148, stack(0x00000000571e0000,0x00000000572e0000)]
  0x0000000056112000 JavaThread "C2 CompilerThread1" daemon [_thread_blocked, id=7980, stack(0x0000000056fa0000,0x00000000570a0000)]
  0x000000005610c000 JavaThread "C2 CompilerThread0" daemon [_thread_blocked, id=1504, stack(0x0000000056a10000,0x0000000056b10000)]
  0x0000000056100800 JavaThread "JDWP Command Reader" daemon [_thread_in_native, id=9164, stack(0x0000000056cc0000,0x0000000056dc0000)]
  0x00000000560ff000 JavaThread "JDWP Event Helper Thread" daemon [_thread_blocked, id=3212, stack(0x0000000056dc0000,0x0000000056ec0000)]
  0x00000000560f0000 JavaThread "JDWP Transport Listener: dt_socket" daemon [_thread_blocked, id=676, stack(0x0000000056b50000,0x0000000056c50000)]
  0x0000000054c2b000 JavaThread "Attach Listener" daemon [_thread_blocked, id=10056, stack(0x00000000564d0000,0x00000000565d0000)]
  0x00000000560eb800 JavaThread "Signal Dispatcher" daemon [_thread_blocked, id=10168, stack(0x0000000055ec0000,0x0000000055fc0000)]
  0x0000000054bcc000 JavaThread "Finalizer" daemon [_thread_blocked, id=3016, stack(0x0000000055c40000,0x0000000055d40000)]
  0x0000000054bc5000 JavaThread "Reference Handler" daemon [_thread_blocked, id=7864, stack(0x0000000055fd0000,0x00000000560d0000)]
  0x000000000202b800 JavaThread "main" [_thread_blocked, id=8676, stack(0x00000000022e0000,0x00000000023e0000)]

Other Threads:
  0x0000000054bc1800 VMThread [stack: 0x0000000055d80000,0x0000000055e80000] [id=9896]
  0x00000000561c0000 WatcherThread [stack: 0x00000000570e0000,0x00000000571e0000] [id=6124]

VM state:not at safepoint (normal execution)

VM Mutex/Monitor currently owned by a thread: None

Heap:
 PSYoungGen      total 291840K, used 140598K [0x00000000eab00000, 0x00000000fe280000, 0x0000000100000000)
  eden space 279040K, 50% used [0x00000000eab00000,0x00000000f344dbd8,0x00000000fbb80000)
  from space 12800K, 0% used [0x00000000fc800000,0x00000000fc800000,0x00000000fd480000)
  to   space 12800K, 0% used [0x00000000fbb80000,0x00000000fbb80000,0x00000000fc800000)
 ParOldGen       total 54272K, used 20045K [0x00000000c0000000, 0x00000000c3500000, 0x00000000eab00000)
  object space 54272K, 36% used [0x00000000c0000000,0x00000000c13936d0,0x00000000c3500000)
 Metaspace       used 32030K, capacity 32898K, committed 33024K, reserved 1079296K
  class space    used 3648K, capacity 3809K, committed 3840K, reserved 1048576K

Card table byte_map: [0x00000000117a0000,0x00000000119b0000] byte_map_base: 0x00000000111a0000

Marking Bits: (ParMarkBitMap*) 0x00000000715fa5b0
 Begin Bits: [0x0000000012030000, 0x0000000013030000)
 End Bits:   [0x0000000013030000, 0x0000000014030000)

Polling page: 0x0000000000100000

CodeCache: size=245760Kb used=17305Kb max_used=18348Kb free=228454Kb
 bounds [0x00000000023e0000, 0x00000000035e0000, 0x00000000113e0000]
 total_blobs=5095 nmethods=4623 adapters=392
 compilation: enabled

Compilation events (10 events):
Event: 1102.735 Thread 0x000000005611b000 nmethod 5529 0x00000000035c6550 code [0x00000000035c6720, 0x00000000035c6dc8]
Event: 1112.729 Thread 0x000000005611b000 5530       3       java.util.HashMap::clear (50 bytes)
Event: 1112.731 Thread 0x000000005611b000 nmethod 5530 0x0000000002fef2d0 code [0x0000000002fef440, 0x0000000002fef7f0]
Event: 1112.731 Thread 0x000000005611b000 5531   !   3       org.apache.zookeeper.ClientCnxn$Packet::createBB (147 bytes)
Event: 1112.754 Thread 0x000000005611b000 nmethod 5531 0x0000000002974a90 code [0x0000000002974e00, 0x0000000002976ad8]
Event: 1222.732 Thread 0x000000005611b000 5532       1       java.nio.DirectByteBuffer::ix (10 bytes)
Event: 1222.734 Thread 0x000000005611b000 nmethod 5532 0x00000000029627d0 code [0x0000000002962920, 0x0000000002962a30]
Event: 1287.817 Thread 0x000000005611b000 5533   !   3       com.alibaba.dubbo.registry.support.FailbackRegistry$1::run (47 bytes)
Event: 1287.825 Thread 0x000000005611b000 nmethod 5533 0x0000000002fd30d0 code [0x0000000002fd32c0, 0x0000000002fd3c78]
Event: 1287.825 Thread 0x000000005611b000 5534   !   3       com.alibaba.dubbo.registry.support.FailbackRegistry::retry (1485 bytes)

GC Heap History (10 events):
Event: 4.207 GC heap before
{Heap before GC invocations=10 (full 1):
 PSYoungGen      total 133632K, used 1021K [0x00000000eab00000, 0x00000000f7f80000, 0x0000000100000000)
  eden space 126976K, 0% used [0x00000000eab00000,0x00000000eab00000,0x00000000f2700000)
  from space 6656K, 15% used [0x00000000f2700000,0x00000000f27ff4f0,0x00000000f2d80000)
  to   space 7168K, 0% used [0x00000000f7880000,0x00000000f7880000,0x00000000f7f80000)
 ParOldGen       total 44032K, used 13929K [0x00000000c0000000, 0x00000000c2b00000, 0x00000000eab00000)
  object space 44032K, 31% used [0x00000000c0000000,0x00000000c0d9a5a0,0x00000000c2b00000)
 Metaspace       used 20898K, capacity 21078K, committed 21296K, reserved 1069056K
  class space    used 2374K, capacity 2405K, committed 2432K, reserved 1048576K
Event: 4.252 GC heap after
Heap after GC invocations=10 (full 1):
 PSYoungGen      total 133632K, used 0K [0x00000000eab00000, 0x00000000f7f80000, 0x0000000100000000)
  eden space 126976K, 0% used [0x00000000eab00000,0x00000000eab00000,0x00000000f2700000)
  from space 6656K, 0% used [0x00000000f2700000,0x00000000f2700000,0x00000000f2d80000)
  to   space 7168K, 0% used [0x00000000f7880000,0x00000000f7880000,0x00000000f7f80000)
 ParOldGen       total 31744K, used 8746K [0x00000000c0000000, 0x00000000c1f00000, 0x00000000eab00000)
  object space 31744K, 27% used [0x00000000c0000000,0x00000000c088abd8,0x00000000c1f00000)
 Metaspace       used 20898K, capacity 21078K, committed 21296K, reserved 1069056K
  class space    used 2374K, capacity 2405K, committed 2432K, reserved 1048576K
}
Event: 4.923 GC heap before
{Heap before GC invocations=11 (full 1):
 PSYoungGen      total 133632K, used 126976K [0x00000000eab00000, 0x00000000f7f80000, 0x0000000100000000)
  eden space 126976K, 100% used [0x00000000eab00000,0x00000000f2700000,0x00000000f2700000)
  from space 6656K, 0% used [0x00000000f2700000,0x00000000f2700000,0x00000000f2d80000)
  to   space 7168K, 0% used [0x00000000f7880000,0x00000000f7880000,0x00000000f7f80000)
 ParOldGen       total 31744K, used 8746K [0x00000000c0000000, 0x00000000c1f00000, 0x00000000eab00000)
  object space 31744K, 27% used [0x00000000c0000000,0x00000000c088abd8,0x00000000c1f00000)
 Metaspace       used 23567K, capacity 23746K, committed 24064K, reserved 1071104K
  class space    used 2716K, capacity 2759K, committed 2816K, reserved 1048576K
Event: 4.940 GC heap after
Heap after GC invocations=11 (full 1):
 PSYoungGen      total 195072K, used 5267K [0x00000000eab00000, 0x00000000f7e00000, 0x0000000100000000)
  eden space 189440K, 0% used [0x00000000eab00000,0x00000000eab00000,0x00000000f6400000)
  from space 5632K, 93% used [0x00000000f7880000,0x00000000f7da4c38,0x00000000f7e00000)
  to   space 7168K, 0% used [0x00000000f7000000,0x00000000f7000000,0x00000000f7700000)
 ParOldGen       total 31744K, used 8754K [0x00000000c0000000, 0x00000000c1f00000, 0x00000000eab00000)
  object space 31744K, 27% used [0x00000000c0000000,0x00000000c088cbd8,0x00000000c1f00000)
 Metaspace       used 23567K, capacity 23746K, committed 24064K, reserved 1071104K
  class space    used 2716K, capacity 2759K, committed 2816K, reserved 1048576K
}
Event: 8.877 GC heap before
{Heap before GC invocations=12 (full 1):
 PSYoungGen      total 195072K, used 194707K [0x00000000eab00000, 0x00000000f7e00000, 0x0000000100000000)
  eden space 189440K, 100% used [0x00000000eab00000,0x00000000f6400000,0x00000000f6400000)
  from space 5632K, 93% used [0x00000000f7880000,0x00000000f7da4c38,0x00000000f7e00000)
  to   space 7168K, 0% used [0x00000000f7000000,0x00000000f7000000,0x00000000f7700000)
 ParOldGen       total 31744K, used 8754K [0x00000000c0000000, 0x00000000c1f00000, 0x00000000eab00000)
  object space 31744K, 27% used [0x00000000c0000000,0x00000000c088cbd8,0x00000000c1f00000)
 Metaspace       used 29158K, capacity 29478K, committed 29824K, reserved 1075200K
  class space    used 3368K, capacity 3447K, committed 3456K, reserved 1048576K
Event: 8.925 GC heap after
Heap after GC invocations=12 (full 1):
 PSYoungGen      total 208896K, used 7159K [0x00000000eab00000, 0x00000000fd480000, 0x0000000100000000)
  eden space 201728K, 0% used [0x00000000eab00000,0x00000000eab00000,0x00000000f7000000)
  from space 7168K, 99% used [0x00000000f7000000,0x00000000f76fdfb0,0x00000000f7700000)
  to   space 12800K, 0% used [0x00000000fc800000,0x00000000fc800000,0x00000000fd480000)
 ParOldGen       total 31744K, used 21785K [0x00000000c0000000, 0x00000000c1f00000, 0x00000000eab00000)
  object space 31744K, 68% used [0x00000000c0000000,0x00000000c15467d8,0x00000000c1f00000)
 Metaspace       used 29158K, capacity 29478K, committed 29824K, reserved 1075200K
  class space    used 3368K, capacity 3447K, committed 3456K, reserved 1048576K
}
Event: 11.730 GC heap before
{Heap before GC invocations=13 (full 1):
 PSYoungGen      total 208896K, used 208887K [0x00000000eab00000, 0x00000000fd480000, 0x0000000100000000)
  eden space 201728K, 100% used [0x00000000eab00000,0x00000000f7000000,0x00000000f7000000)
  from space 7168K, 99% used [0x00000000f7000000,0x00000000f76fdfb0,0x00000000f7700000)
  to   space 12800K, 0% used [0x00000000fc800000,0x00000000fc800000,0x00000000fd480000)
 ParOldGen       total 31744K, used 21785K [0x00000000c0000000, 0x00000000c1f00000, 0x00000000eab00000)
  object space 31744K, 68% used [0x00000000c0000000,0x00000000c15467d8,0x00000000c1f00000)
 Metaspace       used 31208K, capacity 31858K, committed 32128K, reserved 1077248K
  class space    used 3556K, capacity 3673K, committed 3712K, reserved 1048576K
Event: 11.767 GC heap after
Heap after GC invocations=13 (full 1):
 PSYoungGen      total 291840K, used 3311K [0x00000000eab00000, 0x00000000fe280000, 0x0000000100000000)
  eden space 279040K, 0% used [0x00000000eab00000,0x00000000eab00000,0x00000000fbb80000)
  from space 12800K, 25% used [0x00000000fc800000,0x00000000fcb3be48,0x00000000fd480000)
  to   space 12800K, 0% used [0x00000000fbb80000,0x00000000fbb80000,0x00000000fc800000)
 ParOldGen       total 31744K, used 28914K [0x00000000c0000000, 0x00000000c1f00000, 0x00000000eab00000)
  object space 31744K, 91% used [0x00000000c0000000,0x00000000c1c3ca80,0x00000000c1f00000)
 Metaspace       used 31208K, capacity 31858K, committed 32128K, reserved 1077248K
  class space    used 3556K, capacity 3673K, committed 3712K, reserved 1048576K
}
Event: 11.767 GC heap before
{Heap before GC invocations=14 (full 2):
 PSYoungGen      total 291840K, used 3311K [0x00000000eab00000, 0x00000000fe280000, 0x0000000100000000)
  eden space 279040K, 0% used [0x00000000eab00000,0x00000000eab00000,0x00000000fbb80000)
  from space 12800K, 25% used [0x00000000fc800000,0x00000000fcb3be48,0x00000000fd480000)
  to   space 12800K, 0% used [0x00000000fbb80000,0x00000000fbb80000,0x00000000fc800000)
 ParOldGen       total 31744K, used 28914K [0x00000000c0000000, 0x00000000c1f00000, 0x00000000eab00000)
  object space 31744K, 91% used [0x00000000c0000000,0x00000000c1c3ca80,0x00000000c1f00000)
 Metaspace       used 31208K, capacity 31858K, committed 32128K, reserved 1077248K
  class space    used 3556K, capacity 3673K, committed 3712K, reserved 1048576K
Event: 11.877 GC heap after
Heap after GC invocations=14 (full 2):
 PSYoungGen      total 291840K, used 0K [0x00000000eab00000, 0x00000000fe280000, 0x0000000100000000)
  eden space 279040K, 0% used [0x00000000eab00000,0x00000000eab00000,0x00000000fbb80000)
  from space 12800K, 0% used [0x00000000fc800000,0x00000000fc800000,0x00000000fd480000)
  to   space 12800K, 0% used [0x00000000fbb80000,0x00000000fbb80000,0x00000000fc800000)
 ParOldGen       total 54272K, used 20045K [0x00000000c0000000, 0x00000000c3500000, 0x00000000eab00000)
  object space 54272K, 36% used [0x00000000c0000000,0x00000000c13936d0,0x00000000c3500000)
 Metaspace       used 31159K, capacity 31780K, committed 32128K, reserved 1077248K
  class space    used 3549K, capacity 3660K, committed 3712K, reserved 1048576K
}

Deoptimization events (10 events):
Event: 69.227 Thread 0x0000000057de7000 Uncommon trap: reason=unhandled action=none pc=0x0000000002d008a4 method=java.net.URLClassLoader.findClass(Ljava/lang/String;)Ljava/lang/Class; @ 44
Event: 69.229 Thread 0x0000000057de7000 Uncommon trap: reason=unhandled action=none pc=0x0000000002d008a4 method=java.net.URLClassLoader.findClass(Ljava/lang/String;)Ljava/lang/Class; @ 44
Event: 69.231 Thread 0x0000000057de7000 Uncommon trap: reason=unhandled action=none pc=0x0000000002d008a4 method=java.net.URLClassLoader.findClass(Ljava/lang/String;)Ljava/lang/Class; @ 44
Event: 69.232 Thread 0x0000000057de7000 Uncommon trap: reason=unhandled action=none pc=0x0000000002d008a4 method=java.net.URLClassLoader.findClass(Ljava/lang/String;)Ljava/lang/Class; @ 44
Event: 69.233 Thread 0x0000000057de7000 Uncommon trap: reason=unhandled action=none pc=0x0000000002d008a4 method=java.net.URLClassLoader.findClass(Ljava/lang/String;)Ljava/lang/Class; @ 44
Event: 69.234 Thread 0x0000000057de7000 Uncommon trap: reason=unhandled action=none pc=0x0000000002d008a4 method=java.net.URLClassLoader.findClass(Ljava/lang/String;)Ljava/lang/Class; @ 44
Event: 69.235 Thread 0x0000000057de7000 Uncommon trap: reason=unhandled action=none pc=0x0000000002d008a4 method=java.net.URLClassLoader.findClass(Ljava/lang/String;)Ljava/lang/Class; @ 44
Event: 69.236 Thread 0x0000000057de7000 Uncommon trap: reason=unhandled action=none pc=0x0000000002d008a4 method=java.net.URLClassLoader.findClass(Ljava/lang/String;)Ljava/lang/Class; @ 44
Event: 69.238 Thread 0x0000000057de7000 Uncommon trap: reason=unhandled action=none pc=0x0000000002d008a4 method=java.net.URLClassLoader.findClass(Ljava/lang/String;)Ljava/lang/Class; @ 44
Event: 583.617 Thread 0x000000005d596800 Uncommon trap: reason=class_check action=maybe_recompile pc=0x00000000029890a4 method=org.jboss.netty.channel.socket.nio.AbstractNioSelector.processTaskQueue()V @ 9

Internal exceptions (10 events):
Event: 1151.561 Thread 0x000000005d596800 Exception <a 'java/lang/NullPointerException'> (0x00000000ebe0bab8) thrown at [C:\workspace\8-2-build-windows-amd64-cygwin\jdk8u65\4987\hotspot\src\share\vm\interpreter\linkResolver.cpp, line 1178]
Event: 1151.569 Thread 0x000000005d595000 Exception <a 'java/lang/NullPointerException'> (0x00000000ec7defc0) thrown at [C:\workspace\8-2-build-windows-amd64-cygwin\jdk8u65\4987\hotspot\src\share\vm\interpreter\linkResolver.cpp, line 1178]
Event: 1157.278 Thread 0x000000005d595800 Exception <a 'java/lang/NullPointerException'> (0x00000000ebcc4ff0) thrown at [C:\workspace\8-2-build-windows-amd64-cygwin\jdk8u65\4987\hotspot\src\share\vm\interpreter\linkResolver.cpp, line 1178]
Event: 1209.248 Thread 0x0000000057de7000 Exception <a 'java/lang/NullPointerException'> (0x00000000f30a1438) thrown at [C:\workspace\8-2-build-windows-amd64-cygwin\jdk8u65\4987\hotspot\src\share\vm\interpreter\linkResolver.cpp, line 1178]
Event: 1210.727 Thread 0x0000000057de7800 Exception <a 'java/lang/NullPointerException'> (0x00000000ebbe4e78) thrown at [C:\workspace\8-2-build-windows-amd64-cygwin\jdk8u65\4987\hotspot\src\share\vm\interpreter\linkResolver.cpp, line 1178]
Event: 1210.952 Thread 0x0000000057de8800 Exception <a 'java/lang/NullPointerException'> (0x00000000eba34270) thrown at [C:\workspace\8-2-build-windows-amd64-cygwin\jdk8u65\4987\hotspot\src\share\vm\interpreter\linkResolver.cpp, line 1178]
Event: 1243.631 Thread 0x000000005d596800 Exception <a 'java/lang/NullPointerException'> (0x00000000ebe0d880) thrown at [C:\workspace\8-2-build-windows-amd64-cygwin\jdk8u65\4987\hotspot\src\share\vm\interpreter\linkResolver.cpp, line 1178]
Event: 1271.564 Thread 0x000000005d595000 Exception <a 'java/lang/NullPointerException'> (0x00000000ec7e3600) thrown at [C:\workspace\8-2-build-windows-amd64-cygwin\jdk8u65\4987\hotspot\src\share\vm\interpreter\linkResolver.cpp, line 1178]
Event: 1271.564 Thread 0x000000005d595800 Exception <a 'java/lang/NullPointerException'> (0x00000000ebcc94d0) thrown at [C:\workspace\8-2-build-windows-amd64-cygwin\jdk8u65\4987\hotspot\src\share\vm\interpreter\linkResolver.cpp, line 1178]
Event: 1272.437 Thread 0x0000000057de7000 Exception <a 'java/lang/NullPointerException'> (0x00000000f30a2ac0) thrown at [C:\workspace\8-2-build-windows-amd64-cygwin\jdk8u65\4987\hotspot\src\share\vm\interpreter\linkResolver.cpp, line 1178]

Events (10 events):
Event: 1210.726 Executing VM operation: RevokeBias
Event: 1210.726 Executing VM operation: RevokeBias done
Event: 1210.950 Executing VM operation: RevokeBias
Event: 1210.950 Executing VM operation: RevokeBias done
Event: 1210.951 Executing VM operation: RevokeBias
Event: 1210.951 Executing VM operation: RevokeBias done
Event: 1271.563 Executing VM operation: RevokeBias
Event: 1271.563 Executing VM operation: RevokeBias done
Event: 1271.563 Executing VM operation: RevokeBias
Event: 1271.563 Executing VM operation: RevokeBias done


Dynamic libraries:
0x000000013f560000 - 0x000000013f597000 	C:\Program Files\Java\jre1.8.0_65\bin\javaw.exe
0x00000000773a0000 - 0x000000007754b000 	C:\Windows\SYSTEM32\ntdll.dll
0x0000000077280000 - 0x000000007739f000 	C:\Windows\system32\kernel32.dll
0x000007fefd660000 - 0x000007fefd6cb000 	C:\Windows\system32\KERNELBASE.dll
0x000007fefdb00000 - 0x000007fefdbdb000 	C:\Windows\system32\ADVAPI32.dll
0x000007fefe3b0000 - 0x000007fefe44f000 	C:\Windows\system32\msvcrt.dll
0x000007fefda40000 - 0x000007fefda5f000 	C:\Windows\SYSTEM32\sechost.dll
0x000007fefe280000 - 0x000007fefe3ae000 	C:\Windows\system32\RPCRT4.dll
0x0000000077180000 - 0x000000007727a000 	C:\Windows\system32\USER32.dll
0x000007fefd8d0000 - 0x000007fefd937000 	C:\Windows\system32\GDI32.dll
0x000007fefe450000 - 0x000007fefe45e000 	C:\Windows\system32\LPK.dll
0x000007fefe1b0000 - 0x000007fefe27a000 	C:\Windows\system32\USP10.dll
0x000007fefbd30000 - 0x000007fefbf24000 	C:\Windows\WinSxS\amd64_microsoft.windows.common-controls_6595b64144ccf1df_6.0.7600.16385_none_fa645303170382f6\COMCTL32.dll
0x000007feff2d0000 - 0x000007feff341000 	C:\Windows\system32\SHLWAPI.dll
0x000007fefdbe0000 - 0x000007fefdc0e000 	C:\Windows\system32\IMM32.DLL
0x000007fefd6d0000 - 0x000007fefd7d9000 	C:\Windows\system32\MSCTF.dll
0x0000000070d10000 - 0x0000000070de2000 	C:\Program Files\Java\jre1.8.0_65\bin\msvcr100.dll
0x0000000070df0000 - 0x0000000071679000 	C:\Program Files\Java\jre1.8.0_65\bin\server\jvm.dll
0x000007fef0540000 - 0x000007fef0549000 	C:\Windows\system32\WSOCK32.dll
0x000007fefd940000 - 0x000007fefd98d000 	C:\Windows\system32\WS2_32.dll
0x000007fefd990000 - 0x000007fefd998000 	C:\Windows\system32\NSI.dll
0x000007fef9b90000 - 0x000007fef9bcb000 	C:\Windows\system32\WINMM.dll
0x000007fefc470000 - 0x000007fefc47c000 	C:\Windows\system32\VERSION.dll
0x0000000077560000 - 0x0000000077567000 	C:\Windows\system32\PSAPI.DLL
0x0000000072830000 - 0x000000007283f000 	C:\Program Files\Java\jre1.8.0_65\bin\verify.dll
0x0000000072800000 - 0x0000000072829000 	C:\Program Files\Java\jre1.8.0_65\bin\java.dll
0x00000000700e0000 - 0x0000000070115000 	C:\Program Files\Java\jre1.8.0_65\bin\jdwp.dll
0x0000000070d00000 - 0x0000000070d08000 	C:\Program Files\Java\jre1.8.0_65\bin\npt.dll
0x00000000727e0000 - 0x00000000727f6000 	C:\Program Files\Java\jre1.8.0_65\bin\zip.dll
0x000007fefe540000 - 0x000007feff2c6000 	C:\Windows\system32\SHELL32.dll
0x000007fefde70000 - 0x000007fefe071000 	C:\Windows\system32\ole32.dll
0x000007fefd300000 - 0x000007fefd30f000 	C:\Windows\system32\profapi.dll
0x0000000072750000 - 0x0000000072759000 	C:\Program Files\Java\jre1.8.0_65\bin\dt_socket.dll
0x000007fefb380000 - 0x000007fefb395000 	C:\Windows\system32\NLAapi.dll
0x000007fefcbe0000 - 0x000007fefcc34000 	C:\Windows\System32\mswsock.dll
0x000007fefc960000 - 0x000007fefc9bb000 	C:\Windows\system32\DNSAPI.dll
0x000007fef78e0000 - 0x000007fef78eb000 	C:\Windows\System32\winrnr.dll
0x000007fef78c0000 - 0x000007fef78d5000 	C:\Windows\system32\napinsp.dll
0x000007fef78a0000 - 0x000007fef78b9000 	C:\Windows\system32\pnrpnsp.dll
0x000007fefa980000 - 0x000007fefa9a7000 	C:\Windows\system32\IPHLPAPI.DLL
0x000007fefa960000 - 0x000007fefa96b000 	C:\Windows\system32\WINNSI.DLL
0x000007fefa7d0000 - 0x000007fefa823000 	C:\Windows\System32\fwpuclnt.dll
0x000007fefa000000 - 0x000007fefa008000 	C:\Windows\system32\rasadhlp.dll
0x000007fefc540000 - 0x000007fefc547000 	C:\Windows\System32\wshtcpip.dll
0x0000000072680000 - 0x000000007268d000 	C:\Program Files\Java\jre1.8.0_65\bin\management.dll
0x00000000726c0000 - 0x00000000726da000 	C:\Program Files\Java\jre1.8.0_65\bin\net.dll
0x000007fefcd80000 - 0x000007fefcd87000 	C:\Windows\System32\wship6.dll
0x0000000072480000 - 0x0000000072491000 	C:\Program Files\Java\jre1.8.0_65\bin\nio.dll
0x000007fefcce0000 - 0x000007fefccf7000 	C:\Windows\system32\CRYPTSP.dll
0x000007fefc790000 - 0x000007fefc7d7000 	C:\Windows\system32\rsaenh.dll
0x000007fefc640000 - 0x000007fefc65e000 	C:\Windows\system32\USERENV.dll
0x000007fefd1f0000 - 0x000007fefd1ff000 	C:\Windows\system32\CRYPTBASE.dll

VM Arguments:
jvm_args: -agentlib:jdwp=transport=dt_socket,suspend=y,address=localhost:63815 -Dfile.encoding=UTF-8 
java_command: dubbo.test.DubboProvider
java_class_path (initial): C:\gaocj\other\svn-resource\dasoujia-new\dsj_house\dsj-newHouse\dsj-newHouse-service\target\test-classes;C:\gaocj\other\svn-resource\dasoujia-new\dsj_house\dsj-newHouse\dsj-newHouse-service\target\classes;C:\gaocj\other\svn-resource\dasoujia-new\dsj_house\dsj-common\dsj-common-utils\target\classes;C:\gaocj\install\apache-maven-3.2.2\repository\org\apache\commons\commons-lang3\3.1\commons-lang3-3.1.jar;C:\gaocj\install\apache-maven-3.2.2\repository\org\apache\poi\poi\3.8\poi-3.8.jar;C:\gaocj\install\apache-maven-3.2.2\repository\commons-codec\commons-codec\1.8\commons-codec-1.8.jar;C:\gaocj\install\apache-maven-3.2.2\repository\org\apache\poi\poi-ooxml\3.8\poi-ooxml-3.8.jar;C:\gaocj\install\apache-maven-3.2.2\repository\org\apache\poi\poi-ooxml-schemas\3.8\poi-ooxml-schemas-3.8.jar;C:\gaocj\install\apache-maven-3.2.2\repository\org\apache\xmlbeans\xmlbeans\2.3.0\xmlbeans-2.3.0.jar;C:\gaocj\install\apache-maven-3.2.2\repository\stax\stax-api\1.0.1\stax-api-1.0.1.jar;C:\gaocj\install\apache-maven-3.2.2\repository\dom4j\dom4j\1.6.1\dom4j-1.6.1.jar;C:\gaocj\install\apache-maven-3.2.2\repository\xml-apis\xml-apis\1.0.b2\xml-apis-1.0.b2.jar;C:\gaocj\install\apache-maven-3.2.2\repository\org\springframework\spring-aop\4.0.8.RELEASE\spring-aop-4.0.8.RELEASE.jar;C:\gaocj\install\apache-maven-3.2.2\repository\aopalliance\aopalliance\1.0\aopalliance-1.0.jar;C:\gaocj\install\apache-maven-3.2.2\repository\org\springframework\spring-aspects\4.0.8.RELEASE\spring-aspects-4.0.8.RELEASE.jar;C:\gaocj\install\apache-maven-3.2.2\repository\org\aspectj\aspectjweaver\1.7.3\aspectjweaver-1.7.3.jar;C:\gaocj\install\apache-maven-3.2.2\repository\org\springframework\spring-beans\4.0.8.RELEASE\spring-beans-4.0.8.RELEASE.jar;C:\gaocj\install\apache-maven-3.2.2\repository\org\springframework\spring-context\4.0.8.RELEASE\spring-context-4.0.8.RELEASE.jar;C:\gaocj\install\apache-maven-3.2.2\repository\org\springframework\spring-expression\4.0.8.RELEASE\spring-expression-
Launcher Type: SUN_STANDARD

Environment Variables:
JAVA_HOME=C:\Program Files\Java\jdk1.8.0_65
CLASSPATH=.;C:\Program Files\Java\jdk1.8.0_65\lib;C:\Program Files\Java\jdk1.8.0_65\lib\tools.jar
PATH=C:/Program Files/Java/jre1.8.0_65/bin/server;C:/Program Files/Java/jre1.8.0_65/bin;C:/Program Files/Java/jre1.8.0_65/lib/amd64;C:\ProgramData\Oracle\Java\javapath;C:\Program Files (x86)\Parallels\Parallels Tools\Applications;C:\Windows\system32;C:\Windows;C:\Windows\System32\Wbem;C:\Windows\System32\WindowsPowerShell\v1.0\;C:\Program Files\Java\jdk1.8.0_65\bin;C:\Program Files\Java\jdk1.8.0_65\jre\bin;C:\gaocj\install\tortoiseGit\bin;C:\gaocj\install\tortoiseSVN\bin;C:\gaocj\install\apache-maven-3.2.2\bin;C:\gaocj\install\MySQL Server 5.0\bin;C:\gaocj\install\node\;C:\Users\gaocj\AppData\Roaming\npm;C:\gaocj\install\vsCode\bin;C:\gaocj\install\eclipse;
USERNAME=gaocj
OS=Windows_NT
PROCESSOR_IDENTIFIER=Intel64 Family 6 Model 94 Stepping 3, GenuineIntel



---------------  S Y S T E M  ---------------

OS: Windows 7 , 64 bit Build 7600 (6.1.7600.16385)

CPU:total 4 (4 cores per cpu, 1 threads per core) family 6 model 94 stepping 3, cmov, cx8, fxsr, mmx, sse, sse2, sse3, ssse3, sse4.1, sse4.2, popcnt, aes, clmul, erms, lzcnt, tsc, tscinvbit, bmi1, bmi2, adx

Memory: 4k page, physical 4193832k(117952k free), swap 16773432k(4384k free)

vm_info: Java HotSpot(TM) 64-Bit Server VM (25.65-b01) for windows-amd64 JRE (1.8.0_65-b17), built on Oct  6 2015 16:39:20 by "java_re" with MS VC++ 10.0 (VS2010)

time: Thu Sep 21 10:59:17 2017
elapsed time: 1287 seconds (0d 0h 21m 27s)

